<?xml version="1.0" encoding="UTF-8"?>
<testsuite xmlns:xsi="http://www.w3.org/2001/XMLSchema-instance" xsi:noNamespaceSchemaLocation="https://maven.apache.org/surefire/maven-surefire-plugin/xsd/surefire-test-report-3.0.xsd" version="3.0" name="dsa.fibonacci.FibOptimizedTest" time="0.016" tests="6" errors="0" skipped="0" failures="0">
  <properties>
[...]
</properties>
  <testcase name="givenZeroElement_whenFindNthTermInFibonacciSeries_ThenReturnZero" classname="dsa.fibonacci.FibOptimizedTest" time="0.001">
    <system-out><![CDATA[16:31:32.942 [main] INFO dsa.fibonacci.FibOptimizedTest -- Nth term for n = 0: 0
]]></system-out>
  </testcase>
  <testcase name="givenTwoElements_whenFindNthTermInFibonacciSeries_ThenReturnOne" classname="dsa.fibonacci.FibOptimizedTest" time="0.002">
    <system-out><![CDATA[16:31:32.944 [main] INFO dsa.fibonacci.FibOptimizedTest -- Nth term for n = 2: 1
]]></system-out>
  </testcase>
  <testcase name="givenFiveElements_whenFindNthTermInFibonacciSeries_ThenReturnFive" classname="dsa.fibonacci.FibOptimizedTest" time="0.002">
    <system-out><![CDATA[16:31:32.947 [main] INFO dsa.fibonacci.FibOptimizedTest -- Nth term for n = 5: 5
]]></system-out>
  </testcase>
  <testcase name="givenOneElement_whenFindNthTermInFibonacciSeries_ThenReturnOne" classname="dsa.fibonacci.FibOptimizedTest" time="0.002">
    <system-out><![CDATA[16:31:32.950 [main] INFO dsa.fibonacci.FibOptimizedTest -- Nth term for n = 1: 1
]]></system-out>
  </testcase>
  <testcase name="givenFourElements_whenFindNthTermInFibonacciSeries_ThenReturnThree" classname="dsa.fibonacci.FibOptimizedTest" time="0.001">
    <system-out><![CDATA[16:31:32.953 [main] INFO dsa.fibonacci.FibOptimizedTest -- Nth term for n = 4: 3
]]></system-out>
  </testcase>
  <testcase name="givenThreeElements_whenFindNthTermInFibonacciSeries_ThenReturnTwo" classname="dsa.fibonacci.FibOptimizedTest" time="0.001">
    <system-out><![CDATA[16:31:32.955 [main] INFO dsa.fibonacci.FibOptimizedTest -- Nth term for n = 3: 2
]]></system-out>
  </testcase>
</testsuite>