<?xml version="1.0" encoding="UTF-8"?>
<testsuite xmlns:xsi="http://www.w3.org/2001/XMLSchema-instance" xsi:noNamespaceSchemaLocation="https://maven.apache.org/surefire/maven-surefire-plugin/xsd/surefire-test-report.xsd" version="3.0.2" name="dsa.TaskSchedulerTest" time="0.197" tests="1" errors="0" skipped="0" failures="0">
  <properties>
[...]
</properties>
  <testcase name="given120TasksAnd15Machines_whenTestingLargeDatasetScheduling_thenCompletionTimeIsBetweenLowerBoundAndSum" classname="dsa.TaskSchedulerTest" time="0.121">
    <system-out><![CDATA[Tested min completion time for 120 tasks and 15 machines: 115
Lower bound: 115
]]></system-out>
  </testcase>
</testsuite>